\BOOKMARK [1][-]{section.1}{\376\377\000L\000o\000g\000i\000s\000k\000e\000\040\000u\000d\000s\000a\000g\000n}{}% 1
\BOOKMARK [1][-]{section.2}{\376\377\000L\000o\000g\000i\000s\000k\000e\000\040\000o\000p\000e\000r\000a\000t\000o\000r\000e\000\040\000-\000\040\0001\000/\0009\000/\0002\0000\0002\0001}{}% 2
\BOOKMARK [2][-]{subsection.2.1}{\376\377\000L\000o\000g\000i\000s\000k\000e\000\040\000t\000a\000b\000e\000l\000l\000e\000r}{section.2}% 3
\BOOKMARK [2][-]{subsection.2.2}{\376\377\000I\000m\000p\000l\000i\000m\000e\000n\000t\000a\000t\000i\000o\000n}{section.2}% 4
\BOOKMARK [2][-]{subsection.2.3}{\376\377\000B\000i\000\040\000i\000m\000p\000l\000i\000k\000a\000t\000i\000o\000n}{section.2}% 5
\BOOKMARK [2][-]{subsection.2.4}{\376\377\000E\000x\000c\000l\000u\000s\000i\000v\000e\000\040\000o\000r\000\040\000/\000\040\000X\000O\000R}{section.2}% 6
\BOOKMARK [2][-]{subsection.2.5}{\376\377\000Y\000d\000e\000l\000i\000g\000e\000r\000e\000\040\000\346\000k\000v\000i\000v\000a\000l\000e\000n\000s\000e\000r}{section.2}% 7
\BOOKMARK [3][-]{subsubsection.2.5.1}{\376\377\000D\000e\000\040\000M\000o\000r\000g\000a\000n\000'\000s\000\040\000l\000a\000w}{subsection.2.5}% 8
\BOOKMARK [3][-]{subsubsection.2.5.2}{\376\377\000D\000i\000s\000t\000r\000i\000b\000u\000t\000i\000v\000e\000\040\000l\000a\000w\000\040\000\050\000m\000u\000l\000i\000t\000p\000l\000y\000\040\000i\000n\000t\000o\000\040\000a\000\040\000p\000a\000r\000e\000n\000t\000h\000e\000s\000e\000\051}{subsection.2.5}% 9
\BOOKMARK [3][-]{subsubsection.2.5.3}{\376\377\000C\000o\000n\000d\000i\000t\000i\000o\000n\000a\000l\000d\000i\000s\000j\000u\000n\000c\000t\000i\000o\000n\000\040\000e\000q\000u\000i\000v\000a\000l\000e\000n\000c\000e}{subsection.2.5}% 10
\BOOKMARK [3][-]{subsubsection.2.5.4}{\376\377\000F\000u\000r\000t\000h\000e\000r\000\040\000e\000q\000u\000i\000v\000a\000l\000e\000n\000c\000e\000s}{subsection.2.5}% 11
\BOOKMARK [3][-]{subsubsection.2.5.5}{\376\377\000A\000p\000p\000l\000y\000i\000n\000g\000\040\000e\000q\000u\000i\000v\000a\000l\000e\000n\000c\000e\000s}{subsection.2.5}% 12
\BOOKMARK [2][-]{subsection.2.6}{\376\377\000L\000o\000g\000i\000c\000\040\000g\000a\000t\000e\000s}{section.2}% 13
\BOOKMARK [2][-]{subsection.2.7}{\376\377\000T\000a\000l\000\040\000g\000r\000u\000p\000p\000e\000r\000i\000n\000g\000e\000r}{section.2}% 14
\BOOKMARK [2][-]{subsection.2.8}{\376\377\000K\000v\000a\000n\000t\000o\000r\000e\000r}{section.2}% 15
\BOOKMARK [3][-]{subsubsection.2.8.1}{\376\377\000D\000e\000\040\000M\000o\000r\000g\000a\000n\000s\000\040\000l\000o\000v\000e\000\040\000f\000o\000r\000\040\000k\000v\000a\000n\000t\000o\000r\000e\000r}{subsection.2.8}% 16
\BOOKMARK [3][-]{subsubsection.2.8.2}{\376\377\000I\000n\000d\000l\000e\000j\000r\000e\000d\000e\000\040\000k\000v\000a\000n\000t\000o\000r\000e\000r}{subsection.2.8}% 17
\BOOKMARK [1][-]{section.3}{\376\377\000B\000e\000v\000i\000s\000m\000e\000t\000o\000d\000e\000r}{}% 18
\BOOKMARK [2][-]{subsection.3.1}{\376\377\000D\000i\000r\000e\000k\000t\000e\000\040\000b\000e\000v\000i\000s}{section.3}% 19
\BOOKMARK [2][-]{subsection.3.2}{\376\377\000K\000o\000n\000t\000r\000a\000p\000o\000s\000i\000t\000i\000o\000n\000s\000b\000e\000v\000i\000s}{section.3}% 20
\BOOKMARK [2][-]{subsection.3.3}{\376\377\000\040\000m\000o\000d\000\040\000s\000t\000i\000d\000s\000b\000e\000v\000i\000s}{section.3}% 21
\BOOKMARK [2][-]{subsection.3.4}{\376\377\000I\000k\000k\000e\000\040\000k\000o\000n\000s\000t\000r\000u\000k\000t\000i\000v\000\040\000e\000k\000s\000i\000s\000t\000e\000n\000s\000b\000e\000v\000i\000s}{section.3}% 22
\BOOKMARK [2][-]{subsection.3.5}{\376\377\000I\000n\000d\000u\000k\000t\000i\000o\000n\000s\000\040\000b\000e\000v\000i\000s}{section.3}% 23
\BOOKMARK [2][-]{subsection.3.6}{\376\377\000S\000t\000\346\000r\000k\000t\000\040\000i\000n\000d\000u\000k\000t\000i\000o\000n}{section.3}% 24
\BOOKMARK [2][-]{subsection.3.7}{\376\377\000S\000t\000r\000u\000k\000t\000u\000r\000e\000l\000\040\000i\000n\000d\000u\000k\000t\000i\000o\000n}{section.3}% 25
\BOOKMARK [3][-]{subsubsection.3.7.1}{\376\377\000E\000k\000s\000e\000m\000p\000e\000l}{subsection.3.7}% 26
\BOOKMARK [1][-]{section.4}{\376\377\000M\000\346\000n\000g\000d\000e\000r}{}% 27
\BOOKMARK [2][-]{subsection.4.1}{\376\377\000M\000\346\000n\000g\000d\000e\000-\000b\000y\000g\000g\000e\000r\000-\000n\000o\000t\000a\000t\000i\000o\000n}{section.4}% 28
\BOOKMARK [2][-]{subsection.4.2}{\376\377\000K\000a\000r\000d\000i\000n\000a\000l\000i\000t\000e\000t}{section.4}% 29
\BOOKMARK [2][-]{subsection.4.3}{\376\377\000P\000o\000t\000e\000n\000s\000m\000\346\000n\000g\000d\000e}{section.4}% 30
\BOOKMARK [2][-]{subsection.4.4}{\376\377\000K\000a\000r\000t\000e\000i\000s\000i\000s\000k\000\040\000p\000r\000o\000d\000u\000k\000t}{section.4}% 31
\BOOKMARK [2][-]{subsection.4.5}{\376\377\000I\000n\000t\000e\000r\000v\000a\000l\000l\000e\000r}{section.4}% 32
\BOOKMARK [2][-]{subsection.4.6}{\376\377\000F\000o\000r\000e\000n\000i\000n\000g\000s\000m\000\346\000n\000g\000d\000e}{section.4}% 33
\BOOKMARK [2][-]{subsection.4.7}{\376\377\000F\000\346\000l\000l\000e\000s\000m\000\346\000n\000g\000d\000e}{section.4}% 34
\BOOKMARK [2][-]{subsection.4.8}{\376\377\000F\000r\000a\000r\000e\000g\000n\000e\000t}{section.4}% 35
\BOOKMARK [2][-]{subsection.4.9}{\376\377\000K\000o\000m\000p\000l\000e\000m\000e\000n\000t\000e\000t}{section.4}% 36
\BOOKMARK [2][-]{subsection.4.10}{\376\377\000D\000i\000s\000j\000u\000n\000k\000t\000e}{section.4}% 37
\BOOKMARK [2][-]{subsection.4.11}{\376\377\000M\000\346\000n\000g\000d\000e\000\040\000l\000o\000v\000e}{section.4}% 38
\BOOKMARK [3][-]{subsubsection.4.11.1}{\376\377\000D\000e\000\040\000M\000o\000r\000g\000a\000n\000s\000\040\000l\000o\000v\000e}{subsection.4.11}% 39
\BOOKMARK [2][-]{subsection.4.12}{\376\377\000Y\000d\000e\000l\000i\000g\000e\000r\000e\000\040\000n\000o\000t\000a\000t\000i\000o\000n}{section.4}% 40
\BOOKMARK [1][-]{section.5}{\376\377\000F\000u\000n\000k\000t\000i\000o\000n}{}% 41
\BOOKMARK [2][-]{subsection.5.1}{\376\377\000I\000n\000j\000e\000k\000t\000i\000v\000e\000\040\000f\000u\000n\000k\000t\000i\000o\000n\000e\000r}{section.5}% 42
\BOOKMARK [2][-]{subsection.5.2}{\376\377\000S\000u\000r\000j\000e\000k\000t\000i\000v}{section.5}% 43
\BOOKMARK [2][-]{subsection.5.3}{\376\377\000B\000i\000j\000e\000k\000t\000i\000v}{section.5}% 44
\BOOKMARK [2][-]{subsection.5.4}{\376\377\000I\000n\000v\000e\000r\000s\000\040\000f\000u\000n\000k\000t\000i\000o\000n}{section.5}% 45
\BOOKMARK [2][-]{subsection.5.5}{\376\377\000O\000p\000e\000r\000a\000t\000i\000o\000n\000e\000r\000\040\000p\000\345\000\040\000f\000u\000n\000k\000t\000i\000o\000n\000e\000r}{section.5}% 46
\BOOKMARK [2][-]{subsection.5.6}{\376\377\000S\000a\000m\000m\000e\000n\000s\000a\000t\000\040\000f\000u\000n\000k\000t\000i\000o\000n}{section.5}% 47
\BOOKMARK [2][-]{subsection.5.7}{\376\377\000M\000o\000n\000o\000t\000o\000n\000i\000f\000o\000r\000h\000o\000l\000d}{section.5}% 48
\BOOKMARK [2][-]{subsection.5.8}{\376\377\000T\000\346\000l\000l\000e\000l\000i\000g\000e\000\040\000m\000\346\000n\000g\000d\000e\000r}{section.5}% 49
\BOOKMARK [2][-]{subsection.5.9}{\376\377\000O\000v\000e\000r\000t\000\346\000l\000l\000e\000l\000i\000g\000e\000\040\000m\000\346\000n\000g\000d\000e\000r}{section.5}% 50
\BOOKMARK [1][-]{section.6}{\376\377\000R\000e\000l\000a\000t\000i\000o\000n\000e\000r}{}% 51
\BOOKMARK [2][-]{subsection.6.1}{\376\377\000M\000a\000t\000r\000i\000a\000r}{section.6}% 52
\BOOKMARK [2][-]{subsection.6.2}{\376\377\000O\000r\000i\000e\000n\000t\000e\000r\000e\000d\000e\000\040\000g\000r\000a\000f\000e\000r}{section.6}% 53
\BOOKMARK [2][-]{subsection.6.3}{\376\377\000E\000g\000e\000n\000s\000k\000a\000b\000e\000r}{section.6}% 54
\BOOKMARK [3][-]{subsubsection.6.3.1}{\376\377\000R\000e\000f\000l\000e\000k\000s\000i\000v}{subsection.6.3}% 55
\BOOKMARK [3][-]{subsubsection.6.3.2}{\376\377\000S\000y\000m\000m\000e\000t\000r\000i\000s\000k}{subsection.6.3}% 56
\BOOKMARK [3][-]{subsubsection.6.3.3}{\376\377\000A\000n\000t\000i\000-\000s\000y\000m\000m\000e\000t\000r\000i\000s\000k}{subsection.6.3}% 57
\BOOKMARK [3][-]{subsubsection.6.3.4}{\376\377\000T\000r\000a\000n\000s\000i\000t\000i\000v}{subsection.6.3}% 58
\BOOKMARK [2][-]{subsection.6.4}{\376\377\000K\000o\000m\000b\000i\000n\000a\000t\000i\000o\000n\000\040\000a\000f\000\040\000r\000e\000l\000a\000t\000i\000o\000n\000e\000r}{section.6}% 59
\BOOKMARK [2][-]{subsection.6.5}{\376\377\000L\000u\000k\000n\000i\000n\000g\000e\000r\000\040}{section.6}% 60
\BOOKMARK [2][-]{subsection.6.6}{\376\377\000R\000e\000f\000l\000e\000k\000s\000i\000v\000e\000\040\000l\000u\000k\000n\000i\000n\000g\000e\000r}{section.6}% 61
\BOOKMARK [2][-]{subsection.6.7}{\376\377\000S\000y\000m\000m\000e\000t\000r\000i\000s\000k\000e\000\040\000l\000u\000k\000n\000i\000n\000g\000e\000r}{section.6}% 62
\BOOKMARK [2][-]{subsection.6.8}{\376\377\000T\000r\000a\000n\000s\000i\000v\000a\000t\000i\000v\000\040\000l\000u\000k\000n\000i\000n\000g}{section.6}% 63
\BOOKMARK [1][-]{section.7}{\376\377\000\306\000k\000v\000i\000v\000a\000l\000e\000n\000s\000r\000e\000l\000a\000t\000i\000o\000n\000e\000r}{}% 64
\BOOKMARK [2][-]{subsection.7.1}{\376\377\000P\000a\000r\000t\000i\000t\000i\000o\000n\000\346\000r}{section.7}% 65
\BOOKMARK [3][-]{subsubsection.7.1.1}{\376\377\000a\000\040\000R\000\040\000b\000[\000a\000]\000R\000=\000[\000b\000]\000R}{subsection.7.1}% 66
\BOOKMARK [3][-]{subsubsection.7.1.2}{\376\377\000[\000a\000]\000R\000=\000[\000b\000]\000R\000[\000a\000]\000R\000[\000b\000]\000R\000=}{subsection.7.1}% 67
\BOOKMARK [3][-]{subsubsection.7.1.3}{\376\377\000[\000a\000]\000R\000\040\000[\000b\000]\000R\000\040\000=\000a\000\040\000R\000\040\000b}{subsection.7.1}% 68
\BOOKMARK [2][-]{subsection.7.2}{\376\377\000\306\000k\000v\000i\000v\000l\000a\000n\000e\000s\000k\000l\000a\000s\000s\000e\000r\000n\000e\000\040\000d\000\346\000k\000k\000e\000r\000\040\000h\000e\000l\000e\000\040\000A}{section.7}% 69
\BOOKMARK [1][-]{section.8}{\376\377\000P\000a\000r\000t\000i\000e\000l\000\040\000o\000r\000d\000n\000i\000n\000g}{}% 70
\BOOKMARK [2][-]{subsection.8.1}{\376\377\000H\000a\000s\000s\000e\000d\000i\000a\000g\000r\000a\000m\000m\000e\000r}{section.8}% 71
\BOOKMARK [2][-]{subsection.8.2}{\376\377\000T\000o\000t\000a\000l\000\040\000o\000r\000d\000n\000i\000n\000g}{section.8}% 72
\BOOKMARK [2][-]{subsection.8.3}{\376\377\000L\000e\000k\000s\000i\000k\000o\000g\000r\000a\000f\000i\000s\000k\000\040\000o\000r\000d\000n\000i\000n\000g}{section.8}% 73
\BOOKMARK [2][-]{subsection.8.4}{\376\377\000B\000i\000n\000\346\000r\000t\000\040\000t\000r\000\346}{section.8}% 74
\BOOKMARK [3][-]{subsubsection.8.4.1}{\376\377\000B\000e\000v\000i\000s\000\040\000f\000o\000r\000\040\000h\000\370\000j\000d\000e\000\040\000p\000\345\000\040\000b\000i\000n\000\346\000r\000t\000\040\000t\000r\000\346}{subsection.8.4}% 75
\BOOKMARK [1][-]{section.9}{\376\377\000T\000a\000l\000\040\000t\000e\000o\000r\000i}{}% 76
\BOOKMARK [2][-]{subsection.9.1}{\376\377\000D\000e\000l\000e\000l\000i\000g\000h\000e\000d}{section.9}% 77
\BOOKMARK [3][-]{subsubsection.9.1.1}{\376\377\000B\000e\000v\000i\000s\000\040\000a\000|\000b\000a\000|\000c\000\040\000-\0003\000m\000u\000a\000|\000\050\000b\000+\000c\000\051}{subsection.9.1}% 78
\BOOKMARK [3][-]{subsubsection.9.1.2}{\376\377\000B\000e\000v\000i\000s\000\040\000f\000o\000r\000\040\000d\000i\000v\000i\000s\000i\000o\000n\000\040\000i\000\040\000a\000f\000\040\000d\000e\000l\000e\000l\000i\000g\000h\000e\000d}{subsection.9.1}% 79
\BOOKMARK [2][-]{subsection.9.2}{\376\377\000K\000o\000n\000g\000r\000u\000e\000n\000c\000e}{section.9}% 80
\BOOKMARK [3][-]{subsubsection.9.2.1}{\376\377\000k\000\040\000Z\000:\000\040\000a\000=\000b\000+\000k\000m\000\040\000-\0003\000m\000u\000a\000b\000\040\000\050\000\040\000m\000o\000d\000\040\000\040\000m\000\051}{subsection.9.2}% 81
\BOOKMARK [3][-]{subsubsection.9.2.2}{\376\377\000B\000e\000v\000i\000s\000\040\000f\000o\000r\000\040\000m\000o\000d\000o\000l\000o\000\040\000i\000n\000d\000\040\000i\000\040\000p\000a\000r\000e\000n\000t\000e\000s}{subsection.9.2}% 82
\BOOKMARK [3][-]{subsubsection.9.2.3}{\376\377\000B\000e\000v\000i\000s\000\040\000f\000o\000r\000\040\000d\000i\000v\000i\000s\000i\000o\000n\000\040\000v\000e\000d\000\040\000k\000o\000n\000g\000r\000u\000e\000n\000c\000e\000r}{subsection.9.2}% 83
\BOOKMARK [2][-]{subsection.9.3}{\376\377\000L\000i\000n\000\346\000r\000e\000\040\000k\000o\000n\000g\000r\000u\000e\000n\000s\000e\000r}{section.9}% 84
\BOOKMARK [2][-]{subsection.9.4}{\376\377\000P\000r\000i\000m\000t\000a\000l}{section.9}% 85
\BOOKMARK [3][-]{subsubsection.9.4.1}{\376\377\000g\000r\000e\000a\000t\000e\000s\000t\000\040\000c\000o\000m\000m\000o\000n\000\040\000d\000i\000v\000i\000d\000e\000r}{subsection.9.4}% 86
\BOOKMARK [3][-]{subsubsection.9.4.2}{\376\377\000L\000e\000a\000s\000t\000\040\000c\000o\000m\000m\000o\000n\000\040\000m\000u\000l\000t\000i\000p\000l\000u\000m}{subsection.9.4}% 87
\BOOKMARK [2][-]{subsection.9.5}{\376\377\000E\000u\000k\000l\000i\000d\000s\000\040\000A\000l\000g\000o\000r\000i\000t\000m\000e}{section.9}% 88
\BOOKMARK [3][-]{subsubsection.9.5.1}{\376\377\000B\000e\000v\000i\000s}{subsection.9.5}% 89
\BOOKMARK [2][-]{subsection.9.6}{\376\377\000g\000c\000d\000\050\000a\000,\000b\000\051\000\040\000p\000\345\000\040\000l\000i\000n\000e\000a\000r\000k\000o\000m\000b\000i\000n\000a\000t\000i\000o\000n}{section.9}% 90
\BOOKMARK [2][-]{subsection.9.7}{\376\377\000K\000i\000n\000e\000s\000s\000i\000s\000k\000\040\000R\000e\000s\000t\000k\000l\000a\000s\000s\000e}{section.9}% 91
\BOOKMARK [3][-]{subsubsection.9.7.1}{\376\377\000E\000k\000s\000e\000m\000p\000e\000l}{subsection.9.7}% 92
\BOOKMARK [3][-]{subsubsection.9.7.2}{\376\377\000B\000e\000v\000i\000s}{subsection.9.7}% 93
\BOOKMARK [2][-]{subsection.9.8}{\376\377\000F\000e\000r\000m\000a\000t\000s\000\040\000l\000i\000l\000l\000e\000\040\000s\000\346\000t\000n\000i\000n\000g}{section.9}% 94
\BOOKMARK [3][-]{subsubsection.9.8.1}{\376\377\000E\000k\000s\000e\000m\000p\000e\000l}{subsection.9.8}% 95
\BOOKMARK [1][-]{section.10}{\376\377\000M\000a\000t\000r\000i\000c\000e\000r}{}% 96
\BOOKMARK [2][-]{subsection.10.1}{\376\377\000A\000d\000d\000i\000t\000i\000o\000n}{section.10}% 97
\BOOKMARK [2][-]{subsection.10.2}{\376\377\000M\000u\000l\000t\000i\000p\000l\000i\000k\000a\000t\000i\000o\000n}{section.10}% 98
\BOOKMARK [2][-]{subsection.10.3}{\376\377\000N\000e\000u\000t\000r\000a\000l\000e\000\040\000m\000a\000t\000r\000i\000c\000e}{section.10}% 99
\BOOKMARK [2][-]{subsection.10.4}{\376\377\000I\000d\000e\000n\000t\000i\000t\000e\000t\000s\000\040\000m\000a\000t\000r\000i\000c\000e\000n}{section.10}% 100
\BOOKMARK [2][-]{subsection.10.5}{\376\377\000T\000r\000a\000n\000s\000p\000o\000n\000e\000r\000i\000n\000g}{section.10}% 101
\BOOKMARK [2][-]{subsection.10.6}{\376\377\000S\000y\000m\000m\000e\000t\000r\000i\000s\000k\000e\000\040\000m\000a\000t\000r\000i\000c\000e\000r}{section.10}% 102
\BOOKMARK [2][-]{subsection.10.7}{\376\377\000B\000i\000n\000\346\000r\000\040\000m\000a\000t\000r\000i\000c\000e\000r}{section.10}% 103
\BOOKMARK [2][-]{subsection.10.8}{\376\377\000B\000o\000o\000l\000s\000k\000\040\000p\000r\000o\000d\000u\000k\000t}{section.10}% 104
\BOOKMARK [2][-]{subsection.10.9}{\376\377\000M\000a\000t\000r\000i\000c\000e\000r\000s\000\040\000g\000r\000a\000f\000i\000s\000k\000e\000\040\000r\000e\000p\000r\000\346\000s\000e\000n\000t\000a\000t\000i\000o\000n}{section.10}% 105
\BOOKMARK [1][-]{section.11}{\376\377\000G\000r\000a\000f\000e\000r}{}% 106
\BOOKMARK [2][-]{subsection.11.1}{\376\377\000T\000e\000r\000m\000i\000n\000o\000l\000o\000g\000i}{section.11}% 107
\BOOKMARK [3][-]{subsubsection.11.1.1}{\376\377\000I\000k\000k\000e\000\040\000o\000r\000i\000e\000n\000t\000e\000d\000e\000\040\000g\000r\000a\000f\000e\000r}{subsection.11.1}% 108
\BOOKMARK [3][-]{subsubsection.11.1.2}{\376\377\000O\000r\000i\000e\000n\000t\000e\000d\000e\000\040\000g\000r\000a\000f\000e\000r}{subsection.11.1}% 109
\BOOKMARK [2][-]{subsection.11.2}{\376\377\000M\000a\000t\000c\000h\000i\000n\000g}{section.11}% 110
\BOOKMARK [2][-]{subsection.11.3}{\376\377\000G\000r\000a\000f\000k\000l\000a\000s\000s\000e\000r}{section.11}% 111
\BOOKMARK [3][-]{subsubsection.11.3.1}{\376\377\000K\000o\000m\000p\000l\000e\000t\000t\000e\000\040\000g\000r\000a\000f\000e\000r}{subsection.11.3}% 112
\BOOKMARK [3][-]{subsubsection.11.3.2}{\376\377\000k\000r\000e\000d\000s\000e}{subsection.11.3}% 113
\BOOKMARK [3][-]{subsubsection.11.3.3}{\376\377\000H\000j\000u\000l}{subsection.11.3}% 114
\BOOKMARK [3][-]{subsubsection.11.3.4}{\376\377\000H\000y\000p\000e\000r\000c\000u\000b\000e\000s}{subsection.11.3}% 115
\BOOKMARK [3][-]{subsubsection.11.3.5}{\376\377\000T\000o\000d\000e\000l\000t\000e\000\040\000g\000r\000a\000f\000e\000r}{subsection.11.3}% 116
\BOOKMARK [3][-]{subsubsection.11.3.6}{\376\377\000K\000o\000m\000p\000l\000e\000t\000t\000e\000\040\000t\000o\000d\000e\000l\000t\000e\000\040\000g\000r\000a\000f\000e\000r}{subsection.11.3}% 117
\BOOKMARK [2][-]{subsection.11.4}{\376\377\000R\000e\000p\000r\000\346\000s\000e\000n\000a\000t\000i\000o\000n\000\040\000a\000f\000\040\000g\000r\000a\000f\000e\000r}{section.11}% 118
\BOOKMARK [3][-]{subsubsection.11.4.1}{\376\377\000A\000d\000j\000a\000c\000e\000n\000s\000l\000i\000s\000t\000e\000r}{subsection.11.4}% 119
\BOOKMARK [2][-]{subsection.11.5}{\376\377\000I\000s\000o\000m\000o\000r\000f\000i}{section.11}% 120
\BOOKMARK [2][-]{subsection.11.6}{\376\377\000G\000r\000a\000f\000\040\000s\000t\000i\000e\000r\000\040\000o\000g\000\040\000k\000r\000e\000d\000s\000e}{section.11}% 121
\BOOKMARK [2][-]{subsection.11.7}{\376\377\000G\000r\000a\000f\000\040\000s\000a\000m\000m\000e\000n\000h\000\346\000n\000g\000e}{section.11}% 122
\BOOKMARK [2][-]{subsection.11.8}{\376\377\000T\000r\000\346\000e\000r}{section.11}% 123
\BOOKMARK [3][-]{subsubsection.11.8.1}{\376\377\000B\000e\000v\000i\000s\000\040\000G\000\040\000e\000r\000\040\000e\000t\000\040\000t\000r\000\346\000\040\000-\0003\000m\000u\000u\000,\000v\000\040\000V\000:\000\040\000!\000\040\000s\000t\000i\000\040\000m\000e\000l\000l\000e\000m\000\040\000u\000\040\000o\000g\000\040\000v}{subsection.11.8}% 124
\BOOKMARK [3][-]{subsubsection.11.8.2}{\376\377\000E\000t\000\040\000t\000r\000\346\000\040\000m\000e\000d\000\040\000n\000\040\000k\000n\000u\000d\000e\000r\000\040\000h\000a\000r\000\040\000a\000l\000t\000i\000d\000\040\000n\000-\0001\000\040\000k\000a\000n\000t\000e\000r}{subsection.11.8}% 125
\BOOKMARK [1][-]{section.12}{\376\377\000F\000\370\000l\000g\000e\000r}{}% 126
\BOOKMARK [2][-]{subsection.12.1}{\376\377\000G\000e\000o\000m\000e\000t\000r\000i\000s\000k\000\040\000f\000\370\000l\000g\000e}{section.12}% 127
\BOOKMARK [2][-]{subsection.12.2}{\376\377\000A\000r\000i\000t\000m\000e\000s\000t\000i\000s\000k\000\040\000f\000\370\000l\000g\000e}{section.12}% 128
\BOOKMARK [2][-]{subsection.12.3}{\376\377\000M\000a\000n\000d\000e\000l\000b\000r\000o\000t\000-\000f\000r\000a\000k\000t\000a\000l\000e\000n}{section.12}% 129
\BOOKMARK [3][-]{subsubsection.12.3.1}{\376\377\000i\000\040\000t\000i\000l\000h\000\370\000r\000e\000\040\000M\000a\000n\000d\000e\000l\000b\000r\000o\000t\000\040\000m\000\346\000n\000g\000d\000e\000n}{subsection.12.3}% 130
\BOOKMARK [1][-]{section.13}{\376\377\000R\000\346\000k\000k\000e\000r}{}% 131
\BOOKMARK [2][-]{subsection.13.1}{\376\377\000E\000k\000s\000e\000m\000p\000e\000l\000\040\0001\000+\0001\0002\000+\0001\0004\000+\0001\0008\000+\000.\000.\000.}{section.13}% 132
\BOOKMARK [2][-]{subsection.13.2}{\376\377\000S\000u\000m\000m\000a\000t\000i\000o\000n\000\040\000a\000f\000\040\000r\000\346\000k\000k\000e\000r}{section.13}% 133
\BOOKMARK [2][-]{subsection.13.3}{\376\377\000G\000e\000o\000m\000e\000t\000r\000i\000s\000k\000e\000\040\000r\000\346\000k\000k\000e}{section.13}% 134
\BOOKMARK [2][-]{subsection.13.4}{\376\377\000A\000r\000t\000m\000e\000t\000i\000s\000k\000\040\000r\000\346\000k\000k\000e}{section.13}% 135
\BOOKMARK [3][-]{subsubsection.13.4.1}{\376\377\000E\000k\000s\000e\000m\000p\000e\000l\000\040\0001\000+\0003\000+\0005\000+\000.\000.\000+\0002\000k\000-\0001}{subsection.13.4}% 136
\BOOKMARK [2][-]{subsection.13.5}{\376\377\000R\000\346\000k\000k\000e\000r\000\040\000i\000\040\000l\000o\000o\000p\000s}{section.13}% 137
\BOOKMARK [2][-]{subsection.13.6}{\376\377\000N\000o\000t\000a\000t\000i\000o\000n}{section.13}% 138
\BOOKMARK [2][-]{subsection.13.7}{\376\377\000U\000e\000n\000d\000e\000l\000i\000g\000e\000\040\000r\000\346\000k\000k\000e\000r}{section.13}% 139
\BOOKMARK [1][-]{section.14}{\376\377\000F\000\370\000l\000g\000e\000r\000\040\000o\000g\000\040\000k\000o\000n\000v\000e\000r\000g\000e\000n\000s}{}% 140
\BOOKMARK [2][-]{subsection.14.1}{\376\377\000N\000o\000t\000a\000t\000i\000o\000n}{section.14}% 141
\BOOKMARK [2][-]{subsection.14.2}{\376\377\000K\000o\000n\000v\000e\000r\000g\000e\000n\000s}{section.14}% 142
\BOOKMARK [2][-]{subsection.14.3}{\376\377\000K\000o\000n\000v\000e\000r\000g\000e\000n\000\040\000k\000r\000i\000t\000e\000r\000i\000e\000r}{section.14}% 143
\BOOKMARK [3][-]{subsubsection.14.3.1}{\376\377\000S\000a\000m\000m\000e\000n\000l\000i\000g\000n\000i\000n\000g\000s\000-\000k\000r\000i\000t\000e\000r\000i\000e\000t}{subsection.14.3}% 144
\BOOKMARK [3][-]{subsubsection.14.3.2}{\376\377\000G\000r\000\346\000n\000s\000e\000-\000s\000a\000m\000m\000e\000n\000l\000i\000g\000n\000i\000n\000g\000s\000-\000k\000r\000i\000t\000e\000r\000i\000e\000t}{subsection.14.3}% 145
\BOOKMARK [3][-]{subsubsection.14.3.3}{\376\377\000K\000v\000o\000t\000i\000e\000n\000t\000-\000k\000r\000i\000t\000e\000r\000i\000e\000t}{subsection.14.3}% 146
\BOOKMARK [3][-]{subsubsection.14.3.4}{\376\377\000K\000o\000n\000v\000e\000r\000g\000e\000n\000s\000\040\000k\000r\000i\000t\000i\000e\000r\000e\000\040\000f\000o\000r\000\040\000u\000l\000t\000i\000m\000a\000t\000i\000v\000e\000\040\000p\000o\000s\000i\000t\000i\000v\000e\000\040\000r\000\346\000k\000k\000e\000r}{subsection.14.3}% 147
\BOOKMARK [3][-]{subsubsection.14.3.5}{\376\377\000H\000a\000r\000m\000o\000n\000i\000s\000k\000e\000\040\000r\000\346\000k\000k\000e\000r\000\040\000/\000\040\000d\000i\000v\000i\000g\000e\000r\000n\000s\000\040\000\046\000\040\000k\000o\000n\000v\000e\000r\000g\000e\000n\000s\000\040\000t\000e\000s\000t}{subsection.14.3}% 148
\BOOKMARK [2][-]{subsection.14.4}{\376\377\000D\000i\000v\000e\000r\000g\000e\000n\000s}{section.14}% 149
\BOOKMARK [2][-]{subsection.14.5}{\376\377\000p\000-\000r\000\346\000k\000k\000e\000r}{section.14}% 150
\BOOKMARK [3][-]{subsubsection.14.5.1}{\376\377\000b\000e\000v\000i\000s}{subsection.14.5}% 151
\BOOKMARK [2][-]{subsection.14.6}{\376\377\000R\000e\000g\000n\000e\000r\000e\000g\000l\000e\000r\000\040\000f\000o\000r\000\040\000g\000r\000\346\000n\000s\000e\000v\000\346\000r\000d\000i}{section.14}% 152
\BOOKMARK [3][-]{subsubsection.14.6.1}{\376\377\000B\000e\000v\000i\000s}{subsection.14.6}% 153
\BOOKMARK [3][-]{subsubsection.14.6.2}{\376\377\000B\000e\000v\000i\000s}{subsection.14.6}% 154
